<?xml version="1.0" encoding="UTF-8"?>
<!-- Generated by org.testng.reporters.JUnitXMLReporter -->
<testsuite ignored="0" hostname="DESKTOP-5PDD91V" failures="0" tests="5" name="Default test" time="29.334" errors="0" timestamp="2023-09-09T13:30:53 AST">
  <testcase classname="nopcommerce.TestCases" name="Register" time="3.962"/>
  <testcase classname="nopcommerce.TestCases" name="Login" time="4.822"/>
  <testcase classname="nopcommerce.TestCases" name="NoProductMessage" time="0.762"/>
  <testcase classname="nopcommerce.TestCases" name="AddToCart" time="6.977"/>
  <testcase classname="nopcommerce.TestCases" name="Checkout" time="9.404"/>
</testsuite> <!-- Default test -->
