<?xml version="1.0" encoding="UTF-8"?>
<testng-results ignored="0" total="5" passed="5" failed="0" skipped="0">
  <reporter-output>
  </reporter-output>
  <suite started-at="2023-09-09T13:30:24 AST" name="Default suite" finished-at="2023-09-09T13:30:53 AST" duration-ms="29334">
    <groups>
    </groups>
    <test started-at="2023-09-09T13:30:24 AST" name="Default test" finished-at="2023-09-09T13:30:53 AST" duration-ms="29334">
      <class name="nopcommerce.TestCases">
        <test-method is-config="true" signature="MyBeforeTest()[pri:0, instance:nopcommerce.TestCases@26a529dc]" started-at="2023-09-09T13:30:24 AST" name="MyBeforeTest" finished-at="2023-09-09T13:30:27 AST" duration-ms="3316" status="PASS">
          <reporter-output>
          </reporter-output>
        </test-method> <!-- MyBeforeTest -->
        <test-method signature="Register()[pri:1, instance:nopcommerce.TestCases@26a529dc]" started-at="2023-09-09T13:30:27 AST" name="Register" finished-at="2023-09-09T13:30:31 AST" duration-ms="3962" status="PASS">
          <reporter-output>
          </reporter-output>
        </test-method> <!-- Register -->
        <test-method signature="Login()[pri:2, instance:nopcommerce.TestCases@26a529dc]" started-at="2023-09-09T13:30:31 AST" name="Login" finished-at="2023-09-09T13:30:36 AST" duration-ms="4822" status="PASS">
          <reporter-output>
          </reporter-output>
        </test-method> <!-- Login -->
        <test-method signature="NoProductMessage()[pri:3, instance:nopcommerce.TestCases@26a529dc]" started-at="2023-09-09T13:30:36 AST" name="NoProductMessage" finished-at="2023-09-09T13:30:37 AST" duration-ms="762" status="PASS">
          <reporter-output>
          </reporter-output>
        </test-method> <!-- NoProductMessage -->
        <test-method signature="AddToCart()[pri:4, instance:nopcommerce.TestCases@26a529dc]" started-at="2023-09-09T13:30:37 AST" name="AddToCart" finished-at="2023-09-09T13:30:44 AST" duration-ms="6977" status="PASS">
          <reporter-output>
          </reporter-output>
        </test-method> <!-- AddToCart -->
        <test-method signature="Checkout()[pri:5, instance:nopcommerce.TestCases@26a529dc]" started-at="2023-09-09T13:30:44 AST" name="Checkout" finished-at="2023-09-09T13:30:53 AST" duration-ms="9404" status="PASS">
          <reporter-output>
          </reporter-output>
        </test-method> <!-- Checkout -->
      </class> <!-- nopcommerce.TestCases -->
    </test> <!-- Default test -->
  </suite> <!-- Default suite -->
</testng-results>
